---------------------------------------------------------------
TxId	Txtype	Operation	ObId:Obvalue:optime	LockType	Status		TxStatus
T1	W 	BeginTx
T2	W 	BeginTx
T1	      	ReadTx		3:-1:277		ReadLock	Granted		 P
T2	      	ReadTx		1:-1:235		ReadLock	Granted		 P
T1	      	ReadTx		2:-1:277		ReadLock	Granted		 P
T1	      	WriteTx		3:0:277			WriteLock	Granted		 P
T1	      	WriteTx		3:1:277			WriteLock	Granted		 P
T1	      	WriteTx		2:0:277			WriteLock	Granted		 P
T1	      	WriteTx		2:1:277			WriteLock	Granted		 P
2 : 1 	3 : 1 	
T1	 	CommitTx
---------------------------------------------------------------
TxId	Txtype	Operation	ObId:Obvalue:optime	LockType	Status		TxStatus
T1	W 	BeginTx
T1	      	ReadTx		3:-1:277		ReadLock	Granted		 P
T2	W 	BeginTx
T2	      	ReadTx		1:-1:235		ReadLock	Granted		 P
T1	      	ReadTx		2:-1:277		ReadLock	Granted		 P
T1	      	WriteTx		3:0:277			WriteLock	Granted		 P
T1	      	WriteTx		3:1:277			WriteLock	Granted		 P
T1	      	WriteTx		2:0:277			WriteLock	Granted		 P
T1	      	WriteTx		2:1:277			WriteLock	Granted		 P
2 : 1 	3 : 1 	
T1	 	CommitTx
---------------------------------------------------------------
TxId	Txtype	Operation	ObId:Obvalue:optime	LockType	Status		TxStatus
T1	W 	BeginTx
T1	      	ReadTx		3:-1:277		ReadLock	Granted		 P
T2	W 	BeginTx
T2	      	ReadTx		1:-1:235		ReadLock	Granted		 P
T1	      	ReadTx		2:-1:277		ReadLock	Granted		 P
T1	      	WriteTx		3:0:277			WriteLock	Granted		 P
T1	      	WriteTx		3:1:277			WriteLock	Granted		 P
T1	      	WriteTx		2:0:277			WriteLock	Granted		 P
T1	      	WriteTx		2:1:277			WriteLock	Granted		 P
2 : 1 	3 : 1 	
T1	 	CommitTx
---------------------------------------------------------------
TxId	Txtype	Operation	ObId:Obvalue:optime	LockType	Status		TxStatus
T1	W 	BeginTx
T1	      	ReadTx		3:-1:277		ReadLock	Granted		 P
T2	W 	BeginTx
T2	      	ReadTx		1:-1:235		ReadLock	Granted		 P
T1	      	ReadTx		2:-1:277		ReadLock	Granted		 P
T1	      	WriteTx		3:0:277			WriteLock	Granted		 P
T1	      	WriteTx		3:1:277			WriteLock	Granted		 P
T1	      	WriteTx		2:0:277			WriteLock	Granted		 P
T1	      	WriteTx		2:1:277			WriteLock	Granted		 P
2 : 1 	3 : 1 	
T1	 	CommitTx
---------------------------------------------------------------
TxId	Txtype	Operation	ObId:Obvalue:optime	LockType	Status		TxStatus
T1	W 	BeginTx
T1	      	ReadTx		3:-1:277		ReadLock	Granted		 P
T2	W 	BeginTx
T2	      	ReadTx		1:-1:235		ReadLock	Granted		 P
T1	      	ReadTx		2:-1:277		ReadLock	Granted		 P
T1	      	WriteTx		3:0:277			WriteLock	Granted		 P
T1	      	WriteTx		3:1:277			WriteLock	Granted		 P
T1	      	WriteTx		2:0:277			WriteLock	Granted		 P
T1	      	WriteTx		2:1:277			WriteLock	Granted		 P
2 : 1 	3 : 1 	
T1	 	CommitTx
