---------------------------------------------------------------
TxId	Txtype	Operation	ObId:Obvalue:optime	LockType	Status		TxStatus
T1	R 	BeginTx
T1	      	ReadTx		1:-1:277		ReadLock	Granted		 P
T2	W 	BeginTx
T2	      	ReadTx		8:-1:235		ReadLock	Granted		 P
T2	      	ReadTx		7:-1:235		ReadLock	Granted		 P
T1	      	ReadTx		2:-1:277		ReadLock	Granted		 P
T2	      	WriteTx		6:1:235			WriteLock	Granted		 P
T1	      	ReadTx		3:-1:277		ReadLock	Granted		 P
T2	      	WriteTx		5:1:235			WriteLock	Granted		 P
T1	      	ReadTx		4:-1:277		ReadLock	Granted		 P
5 : 1 	6 : 1 	7 : -1 	8 : -1 	
T2	 	CommitTx
4 : -1 	3 : -1 	2 : -1 	1 : -1 	
T1	 	CommitTx
---------------------------------------------------------------
TxId	Txtype	Operation	ObId:Obvalue:optime	LockType	Status		TxStatus
T2	W 	BeginTx
T2	      	ReadTx		8:-1:235		ReadLock	Granted		 P
T1	      	ReadTx		1:-1:277		ReadLock	Granted		 P
T2	      	ReadTx		7:-1:235		ReadLock	Granted		 P
T1	      	ReadTx		2:-1:277		ReadLock	Granted		 P
T2	      	WriteTx		6:1:235			WriteLock	Granted		 P
T1	      	ReadTx		3:-1:277		ReadLock	Granted		 P
T2	      	WriteTx		5:1:235			WriteLock	Granted		 P
T1	      	ReadTx		4:-1:277		ReadLock	Granted		 P
5 : 1 	6 : 1 	7 : -1 	8 : -1 	
T2	 	CommitTx
4 : -1 	3 : -1 	2 : -1 	1 : -1 	
T1	 	CommitTx
T1	R 	BeginTx
