---------------------------------------------------------------
TxId	Txtype	Operation	ObId:Obvalue:optime	LockType	Status		TxStatus
T1	W 	BeginTx
T2	W 	BeginTx
T2	      	ReadTx		5:-1:235		ReadLock	Granted		 P
T1	      	ReadTx		1:-1:277		ReadLock	Granted		 P
T2	      	WriteTx		5:0:235			WriteLock	Granted		 P
T1	      	ReadTx		2:-1:277		ReadLock	Granted		 P
T2	      	WriteTx		5:1:235			WriteLock	Granted		 P
T1	      	WriteTx		3:1:277			WriteLock	Granted		 P
T2	      	WriteTx		6:1:235			WriteLock	Granted		 P
T1	      	WriteTx		4:1:277			WriteLock	Granted		 P
T2	      	ReadTx		6:0:235		ReadLock	Granted		 P
T1	      	ReadTx		1:-2:277		ReadLock	Granted		 P
T2	      	ReadTx		6:-1:235		ReadLock	Granted		 P
T1	      	ReadTx		1:-3:277		ReadLock	Granted		 P
6 : -1 	5 : 1 	
T2	 	CommitTx
T1	      	WriteTx		2:0:277			WriteLock	Granted		 P
T1	      	WriteTx		2:1:277			WriteLock	Granted		 P
T1	      	WriteTx		4:2:277			WriteLock	Granted		 P
T1	      	WriteTx		4:3:277			WriteLock	Granted		 P
T1	      	WriteTx		4:4:277			WriteLock	Granted		 P
T1	      	WriteTx		4:5:277			WriteLock	Granted		 P
4 : 5 	3 : 1 	2 : 1 	1 : -3 	
T1	 	CommitTx
---------------------------------------------------------------
TxId	Txtype	Operation	ObId:Obvalue:optime	LockType	Status		TxStatus
T1	W 	BeginTx
T2	W 	BeginTx
T2	      	ReadTx		5:-1:235		ReadLock	Granted		 P
T1	      	ReadTx		1:-1:277		ReadLock	Granted		 P
T2	      	WriteTx		5:0:235			WriteLock	Granted		 P
T1	      	ReadTx		2:-1:277		ReadLock	Granted		 P
T2	      	WriteTx		5:1:235			WriteLock	Granted		 P
T1	      	WriteTx		3:1:277			WriteLock	Granted		 P
T2	      	WriteTx		6:1:235			WriteLock	Granted		 P
T1	      	WriteTx		4:1:277			WriteLock	Granted		 P
T2	      	ReadTx		6:0:235		ReadLock	Granted		 P
T1	      	ReadTx		1:-2:277		ReadLock	Granted		 P
T2	      	ReadTx		6:-1:235		ReadLock	Granted		 P
6 : -1 	5 : 1 	
T2	 	CommitTx
T1	      	ReadTx		1:-3:277		ReadLock	Granted		 P
T1	      	WriteTx		2:0:277			WriteLock	Granted		 P
T1	      	WriteTx		2:1:277			WriteLock	Granted		 P
T1	      	WriteTx		4:2:277			WriteLock	Granted		 P
T1	      	WriteTx		4:3:277			WriteLock	Granted		 P
T1	      	WriteTx		4:4:277			WriteLock	Granted		 P
T1	      	WriteTx		4:5:277			WriteLock	Granted		 P
4 : 5 	3 : 1 	2 : 1 	1 : -3 	
T1	 	CommitTx
---------------------------------------------------------------
TxId	Txtype	Operation	ObId:Obvalue:optime	LockType	Status		TxStatus
T1	W 	BeginTx
T1	      	ReadTx		1:-1:277		ReadLock	Granted		 P
T2	W 	BeginTx
T2	      	ReadTx		5:-1:235		ReadLock	Granted		 P
T2	      	WriteTx		5:0:235			WriteLock	Granted		 P
T1	      	ReadTx		2:-1:277		ReadLock	Granted		 P
T2	      	WriteTx		5:1:235			WriteLock	Granted		 P
T1	      	WriteTx		3:1:277			WriteLock	Granted		 P
T2	      	WriteTx		6:1:235			WriteLock	Granted		 P
T1	      	WriteTx		4:1:277			WriteLock	Granted		 P
T2	      	ReadTx		6:0:235		ReadLock	Granted		 P
T1	      	ReadTx		1:-2:277		ReadLock	Granted		 P
T2	      	ReadTx		6:-1:235		ReadLock	Granted		 P
6 : -1 	5 : 1 	
T2	 	CommitTx
T1	      	ReadTx		1:-3:277		ReadLock	Granted		 P
T1	      	WriteTx		2:0:277			WriteLock	Granted		 P
T1	      	WriteTx		2:1:277			WriteLock	Granted		 P
T1	      	WriteTx		4:2:277			WriteLock	Granted		 P
T1	      	WriteTx		4:3:277			WriteLock	Granted		 P
T1	      	WriteTx		4:4:277			WriteLock	Granted		 P
T1	      	WriteTx		4:5:277			WriteLock	Granted		 P
4 : 5 	3 : 1 	2 : 1 	1 : -3 	
T1	 	CommitTx
